2022-10-13 10:24:16,566 - INFO : Iniciando ejecución reporte catastral para -> 2022-10-13
2022-10-13 10:24:23,930 - INFO : Lista de municipios obtenidos de la BD para generar reporte -> []
2022-10-13 10:26:50,788 - INFO : Iniciando ejecución reporte catastral para -> 2022-10-13
2022-10-13 10:26:51,370 - INFO : Lista de municipios obtenidos de la BD para generar reporte -> []
2022-10-13 10:27:11,708 - INFO : Iniciando ejecución reporte catastral para -> 2022-10-13
2022-10-13 10:27:12,276 - INFO : Lista de municipios obtenidos de la BD para generar reporte -> ['25175']
2022-10-13 10:27:12,277 - INFO : Creando conexion con servidor geográfico
2022-10-13 10:27:12,358 - INFO : Conexión con servidor geográfico establecida
2022-10-13 10:27:13,079 - INFO : Ejecución insertada en la DB para id municipio -> 25175
2022-10-13 10:27:13,079 - INFO : Enviando id municipio -> 25175 al servidor geográfico
2022-10-13 10:27:13,079 - INFO : Esperando respuesta del servidor geográfico para id municipio -> 25175
2022-10-13 10:27:17,190 - INFO : Respuesta obtenida del servidor geográfico -> {"exito": false, "error": "'dict' object is not callable"} para id municipio-> 25175
2022-10-13 10:27:17,193 - INFO : Ejecutando consulta: predio.sql para id municipio -> 25175
2022-10-13 10:29:25,380 - INFO : Iniciando ejecución reporte catastral para -> 2022-10-13
2022-10-13 10:29:26,001 - INFO : Lista de municipios obtenidos de la BD para generar reporte -> ['25175']
2022-10-13 10:29:26,001 - INFO : Creando conexion con servidor geográfico
2022-10-13 10:29:26,070 - INFO : Conexión con servidor geográfico establecida
2022-10-13 10:29:26,521 - INFO : Ejecución insertada en la DB para id municipio -> 25175
2022-10-13 10:29:26,522 - INFO : Enviando id municipio -> 25175 al servidor geográfico
2022-10-13 10:29:26,523 - INFO : Esperando respuesta del servidor geográfico para id municipio -> 25175
2022-10-13 10:29:30,505 - ERROR : Conexión con servidor geográfico perdida id municipio actual -> 25175
2022-10-13 10:32:36,316 - INFO : Iniciando ejecución reporte catastral para -> 2022-10-13
2022-10-13 10:32:37,270 - INFO : Lista de municipios obtenidos de la BD para generar reporte -> ['25175']
2022-10-13 10:32:37,272 - INFO : Creando conexion con servidor geográfico
2022-10-13 10:32:37,345 - INFO : Conexión con servidor geográfico establecida
2022-10-13 10:32:37,812 - INFO : Ejecución insertada en la DB para id municipio -> 25175
2022-10-13 10:32:37,813 - INFO : Enviando id municipio -> 25175 al servidor geográfico
2022-10-13 10:32:37,813 - INFO : Esperando respuesta del servidor geográfico para id municipio -> 25175
2022-10-13 10:32:41,623 - INFO : Respuesta obtenida del servidor geográfico -> {"exito": false, "error": "'dict' object is not callable"} para id municipio-> 25175
2022-10-13 10:32:41,626 - INFO : Ejecutando consulta: predio.sql para id municipio -> 25175
2022-10-13 10:33:03,564 - INFO : Tiempo de ejecución de la consulta predio.sql: 21.937244653701782 segundos para id municipio -> 25175
2022-10-13 10:33:03,799 - INFO : Tiempo de escritura XTF: 22.172610998153687 segundos para id municipio -> 25175
2022-10-13 10:33:03,799 - INFO : Ejecutando consulta: terreno.sql para id municipio -> 25175
2022-10-13 10:33:58,902 - INFO : Tiempo de ejecución de la consulta terreno.sql: 55.10267663002014 segundos para id municipio -> 25175
2022-10-13 10:33:58,941 - INFO : Tiempo de escritura XTF: 55.142574071884155 segundos para id municipio -> 25175
2022-10-13 10:33:58,942 - INFO : Ejecutando consulta: construccion.sql para id municipio -> 25175
2022-10-13 10:34:53,073 - INFO : Iniciando ejecución reporte catastral para -> 2022-10-13
2022-10-13 10:34:53,860 - INFO : Lista de municipios obtenidos de la BD para generar reporte -> ['25175']
2022-10-13 10:34:53,861 - INFO : Creando conexion con servidor geográfico
2022-10-13 10:34:53,938 - INFO : Conexión con servidor geográfico establecida
2022-10-13 10:34:54,520 - INFO : Ejecución insertada en la DB para id municipio -> 25175
2022-10-13 10:34:54,521 - INFO : Enviando id municipio -> 25175 al servidor geográfico
2022-10-13 10:34:54,522 - INFO : Esperando respuesta del servidor geográfico para id municipio -> 25175
2022-10-13 10:34:58,327 - INFO : Respuesta obtenida del servidor geográfico -> {"exito": false, "error": "'dict' object is not callable"} para id municipio-> 25175
2022-10-13 10:34:58,331 - INFO : Ejecutando consulta: predio.sql para id municipio -> 25175
2022-10-13 10:35:06,479 - INFO : Tiempo de ejecución de la consulta predio.sql: 8.14768934249878 segundos para id municipio -> 25175
2022-10-13 10:35:06,755 - INFO : Tiempo de escritura XTF: 8.423958778381348 segundos para id municipio -> 25175
2022-10-13 10:35:06,755 - INFO : Ejecutando consulta: terreno.sql para id municipio -> 25175
2022-10-13 10:35:58,918 - INFO : Tiempo de ejecución de la consulta terreno.sql: 52.162713289260864 segundos para id municipio -> 25175
2022-10-13 10:35:59,000 - INFO : Tiempo de escritura XTF: 52.244471073150635 segundos para id municipio -> 25175
2022-10-13 10:35:59,000 - INFO : Ejecutando consulta: construccion.sql para id municipio -> 25175
2022-10-13 10:41:41,589 - INFO : Iniciando ejecución reporte catastral para -> 2022-10-13
2022-10-13 10:41:42,169 - INFO : Lista de municipios obtenidos de la BD para generar reporte -> ['25175']
2022-10-13 10:41:42,169 - INFO : Creando conexion con servidor geográfico
2022-10-13 10:41:42,240 - INFO : Conexión con servidor geográfico establecida
2022-10-13 10:41:42,636 - INFO : Ejecución insertada en la DB para id municipio -> 25175
2022-10-13 10:41:42,637 - INFO : Enviando id municipio -> 25175 al servidor geográfico
2022-10-13 10:41:42,638 - INFO : Esperando respuesta del servidor geográfico para id municipio -> 25175
2022-10-13 10:42:50,232 - ERROR : Conexión con servidor geográfico perdida id municipio actual -> 25175
